-------------------------------------------------------------------------------
Test set: com.example.student.event.relation.ApplicationTests
-------------------------------------------------------------------------------
Tests run: 1, Failures: 0, Errors: 1, Skipped: 0, Time elapsed: 3.134 s <<< FAILURE! - in com.example.student.event.relation.ApplicationTests
contextLoads(com.example.student.event.relation.ApplicationTests)  Time elapsed: 0.001 s  <<< ERROR!
java.lang.IllegalStateException: Failed to load ApplicationContext
Caused by: org.springframework.beans.factory.UnsatisfiedDependencyException: Error creating bean with name 'studentEventService' defined in file [C:\Users\elzua\Documents\NetBeansProjects\student-event-relation\target\classes\com\example\student\event\relation\domain\service\StudentEventService.class]: Unsatisfied dependency expressed through constructor parameter 0; nested exception is org.springframework.beans.factory.UnsatisfiedDependencyException: Error creating bean with name 'studentService' defined in file [C:\Users\elzua\Documents\NetBeansProjects\student-event-relation\target\classes\com\example\student\event\relation\domain\service\StudentService.class]: Unsatisfied dependency expressed through constructor parameter 0; nested exception is org.springframework.beans.factory.UnsatisfiedDependencyException: Error creating bean with name 'studentHttpClientRepository' defined in file [C:\Users\elzua\Documents\NetBeansProjects\student-event-relation\target\classes\com\example\student\event\relation\infrestructure\repository\StudentHttpClientRepository.class]: Unsatisfied dependency expressed through constructor parameter 0; nested exception is org.springframework.beans.factory.NoSuchBeanDefinitionException: No qualifying bean of type 'org.springframework.web.client.RestTemplate' available: expected at least 1 bean which qualifies as autowire candidate. Dependency annotations: {}
Caused by: org.springframework.beans.factory.UnsatisfiedDependencyException: Error creating bean with name 'studentService' defined in file [C:\Users\elzua\Documents\NetBeansProjects\student-event-relation\target\classes\com\example\student\event\relation\domain\service\StudentService.class]: Unsatisfied dependency expressed through constructor parameter 0; nested exception is org.springframework.beans.factory.UnsatisfiedDependencyException: Error creating bean with name 'studentHttpClientRepository' defined in file [C:\Users\elzua\Documents\NetBeansProjects\student-event-relation\target\classes\com\example\student\event\relation\infrestructure\repository\StudentHttpClientRepository.class]: Unsatisfied dependency expressed through constructor parameter 0; nested exception is org.springframework.beans.factory.NoSuchBeanDefinitionException: No qualifying bean of type 'org.springframework.web.client.RestTemplate' available: expected at least 1 bean which qualifies as autowire candidate. Dependency annotations: {}
Caused by: org.springframework.beans.factory.UnsatisfiedDependencyException: Error creating bean with name 'studentHttpClientRepository' defined in file [C:\Users\elzua\Documents\NetBeansProjects\student-event-relation\target\classes\com\example\student\event\relation\infrestructure\repository\StudentHttpClientRepository.class]: Unsatisfied dependency expressed through constructor parameter 0; nested exception is org.springframework.beans.factory.NoSuchBeanDefinitionException: No qualifying bean of type 'org.springframework.web.client.RestTemplate' available: expected at least 1 bean which qualifies as autowire candidate. Dependency annotations: {}
Caused by: org.springframework.beans.factory.NoSuchBeanDefinitionException: No qualifying bean of type 'org.springframework.web.client.RestTemplate' available: expected at least 1 bean which qualifies as autowire candidate. Dependency annotations: {}

